This is pdfTeX, Version 3.141592653-2.6-1.40.22 (TeX Live 2021/W32TeX) (preloaded format=pdflatex 2022.6.11)  27 JUL 2023 16:08
entering extended mode
 restricted \write18 enabled.
 file:line:error style messages enabled.
 %&-line parsing enabled.
**c:/Users/Kiehyun/Desktop/KBox/Github/junlam_2023/Jumlam_PosterP_3column.tex
(c:/Users/Kiehyun/Desktop/KBox/Github/junlam_2023/Jumlam_PosterP_3column.tex
LaTeX2e <2020-10-01> patch level 4
L3 programming layer <2021-02-18> (c:/Users/Kiehyun/Desktop/KBox/Github/junlam_2023/baposter.cls
Document Class: baposter 2011/11/26 v2.0 baposter class
(c:/texlive/2021/texmf-dist/tex/latex/base/article.cls
Document Class: article 2020/04/10 v1.4m Standard LaTeX document class
(c:/texlive/2021/texmf-dist/tex/latex/base/size10.clo
File: size10.clo 2020/04/10 v1.4m Standard LaTeX file (size option)
)
\c@part=\count179
\c@section=\count180
\c@subsection=\count181
\c@subsubsection=\count182
\c@paragraph=\count183
\c@subparagraph=\count184
\c@figure=\count185
\c@table=\count186
\abovecaptionskip=\skip47
\belowcaptionskip=\skip48
\bibindent=\dimen138
)
baposter: Brian Amberg, 2007, 2008, 2009, 2010, 2011 | http://www.brian-amberg.de/uni/poster/
baposter: Reinhold Kainhofer, 2011 | http://reinhold.kainhofer.com/
\baposter@basepaperwidth=\skip49
\baposter@basepaperheight=\skip50
\baposter@basemargin=\skip51
\baposter@finalpaperwidth=\skip52
\baposter@finalpaperheight=\skip53
\baposter@finalmargin=\skip54
\headerheight=\skip55
\colwidth=\skip56
\colheight=\skip57
\baposter@@colspacing=\skip58
\baposter@box@@cornerradius=\skip59
\baposter@box@@boxheaderheight=\skip60
\baposter@box@@boxpadding=\skip61
\boxstartx=\skip62
\boxstarty=\skip63
\boxwidth=\skip64
\boxheight=\skip65
\baposter@titleimage@left@width=\skip66
\baposter@titleimage@right@width=\skip67
\baposter@titleimage@textwidth=\skip68
\baposter@box@content=\box47
\baposter@titleimage@left=\box48
\baposter@titleimage@title=\box49
\baposter@titleimage@right=\box50
Use Packages
(c:/texlive/2021/texmf-dist/tex/latex/xkeyval/xkeyval.sty
Package: xkeyval 2020/11/20 v2.8 package option processing (HA)
 (c:/texlive/2021/texmf-dist/tex/generic/xkeyval/xkeyval.tex (c:/texlive/2021/texmf-dist/tex/generic/xkeyval/xkvutils.tex
\XKV@toks=\toks15
\XKV@tempa@toks=\toks16
 (c:/texlive/2021/texmf-dist/tex/generic/xkeyval/keyval.tex))
\XKV@depth=\count187
File: xkeyval.tex 2014/12/03 v2.7a key=value parser (HA)
)) (c:/texlive/2021/texmf-dist/tex/latex/tools/calc.sty
Package: calc 2017/05/25 v4.3 Infix arithmetic (KKT,FJ)
\calc@Acount=\count188
\calc@Bcount=\count189
\calc@Adimen=\dimen139
\calc@Bdimen=\dimen140
\calc@Askip=\skip69
\calc@Bskip=\skip70
LaTeX Info: Redefining \setlength on input line 80.
LaTeX Info: Redefining \addtolength on input line 81.
\calc@Ccount=\count190
\calc@Cskip=\skip71
) (c:/texlive/2021/texmf-dist/tex/latex/xcolor/xcolor.sty
Package: xcolor 2016/05/11 v2.12 LaTeX color extensions (UK)
 (c:/texlive/2021/texmf-dist/tex/latex/graphics-cfg/color.cfg
File: color.cfg 2016/01/02 v1.6 sample color configuration
)
Package xcolor Info: Driver file: pdftex.def on input line 225.
 (c:/texlive/2021/texmf-dist/tex/latex/graphics-def/pdftex.def
File: pdftex.def 2020/10/05 v1.2a Graphics/color driver for pdftex
)
Package xcolor Info: Model `cmy' substituted by `cmy0' on input line 1348.
Package xcolor Info: Model `hsb' substituted by `rgb' on input line 1352.
Package xcolor Info: Model `RGB' extended on input line 1364.
Package xcolor Info: Model `HTML' substituted by `rgb' on input line 1366.
Package xcolor Info: Model `Hsb' substituted by `hsb' on input line 1367.
Package xcolor Info: Model `tHsb' substituted by `hsb' on input line 1368.
Package xcolor Info: Model `HSB' substituted by `hsb' on input line 1369.
Package xcolor Info: Model `Gray' substituted by `gray' on input line 1370.
Package xcolor Info: Model `wave' substituted by `hsb' on input line 1371.
) (c:/texlive/2021/texmf-dist/tex/latex/pgf/frontendlayer/tikz.sty (c:/texlive/2021/texmf-dist/tex/latex/pgf/basiclayer/pgf.sty (c:/texlive/2021/texmf-dist/tex/latex/pgf/utilities/pgfrcs.sty (c:/texlive/2021/texmf-dist/tex/generic/pgf/utilities/pgfutil-common.tex
\pgfutil@everybye=\toks17
\pgfutil@tempdima=\dimen141
\pgfutil@tempdimb=\dimen142
 (c:/texlive/2021/texmf-dist/tex/generic/pgf/utilities/pgfutil-common-lists.tex)) (c:/texlive/2021/texmf-dist/tex/generic/pgf/utilities/pgfutil-latex.def
\pgfutil@abb=\box51
) (c:/texlive/2021/texmf-dist/tex/generic/pgf/utilities/pgfrcs.code.tex (c:/texlive/2021/texmf-dist/tex/generic/pgf/pgf.revision.tex)
Package: pgfrcs 2020/12/27 v3.1.8b (3.1.8b)
))
Package: pgf 2020/12/27 v3.1.8b (3.1.8b)
 (c:/texlive/2021/texmf-dist/tex/latex/pgf/basiclayer/pgfcore.sty (c:/texlive/2021/texmf-dist/tex/latex/graphics/graphicx.sty
Package: graphicx 2020/09/09 v1.2b Enhanced LaTeX Graphics (DPC,SPQR)
 (c:/texlive/2021/texmf-dist/tex/latex/graphics/graphics.sty
Package: graphics 2020/08/30 v1.4c Standard LaTeX Graphics (DPC,SPQR)
 (c:/texlive/2021/texmf-dist/tex/latex/graphics/trig.sty
Package: trig 2016/01/03 v1.10 sin cos tan (DPC)
) (c:/texlive/2021/texmf-dist/tex/latex/graphics-cfg/graphics.cfg
File: graphics.cfg 2016/06/04 v1.11 sample graphics configuration
)
Package graphics Info: Driver file: pdftex.def on input line 105.
)
\Gin@req@height=\dimen143
\Gin@req@width=\dimen144
) (c:/texlive/2021/texmf-dist/tex/latex/pgf/systemlayer/pgfsys.sty (c:/texlive/2021/texmf-dist/tex/generic/pgf/systemlayer/pgfsys.code.tex
Package: pgfsys 2020/12/27 v3.1.8b (3.1.8b)
 (c:/texlive/2021/texmf-dist/tex/generic/pgf/utilities/pgfkeys.code.tex
\pgfkeys@pathtoks=\toks18
\pgfkeys@temptoks=\toks19
 (c:/texlive/2021/texmf-dist/tex/generic/pgf/utilities/pgfkeysfiltered.code.tex
\pgfkeys@tmptoks=\toks20
))
\pgf@x=\dimen145
\pgf@y=\dimen146
\pgf@xa=\dimen147
\pgf@ya=\dimen148
\pgf@xb=\dimen149
\pgf@yb=\dimen150
\pgf@xc=\dimen151
\pgf@yc=\dimen152
\pgf@xd=\dimen153
\pgf@yd=\dimen154
\w@pgf@writea=\write3
\r@pgf@reada=\read2
\c@pgf@counta=\count191
\c@pgf@countb=\count192
\c@pgf@countc=\count193
\c@pgf@countd=\count194
\t@pgf@toka=\toks21
\t@pgf@tokb=\toks22
\t@pgf@tokc=\toks23
\pgf@sys@id@count=\count195
 (c:/texlive/2021/texmf-dist/tex/generic/pgf/systemlayer/pgf.cfg
File: pgf.cfg 2020/12/27 v3.1.8b (3.1.8b)
)
Driver file for pgf: pgfsys-pdftex.def
 (c:/texlive/2021/texmf-dist/tex/generic/pgf/systemlayer/pgfsys-pdftex.def
File: pgfsys-pdftex.def 2020/12/27 v3.1.8b (3.1.8b)
 (c:/texlive/2021/texmf-dist/tex/generic/pgf/systemlayer/pgfsys-common-pdf.def
File: pgfsys-common-pdf.def 2020/12/27 v3.1.8b (3.1.8b)
))) (c:/texlive/2021/texmf-dist/tex/generic/pgf/systemlayer/pgfsyssoftpath.code.tex
File: pgfsyssoftpath.code.tex 2020/12/27 v3.1.8b (3.1.8b)
\pgfsyssoftpath@smallbuffer@items=\count196
\pgfsyssoftpath@bigbuffer@items=\count197
) (c:/texlive/2021/texmf-dist/tex/generic/pgf/systemlayer/pgfsysprotocol.code.tex
File: pgfsysprotocol.code.tex 2020/12/27 v3.1.8b (3.1.8b)
)) (c:/texlive/2021/texmf-dist/tex/generic/pgf/basiclayer/pgfcore.code.tex
Package: pgfcore 2020/12/27 v3.1.8b (3.1.8b)
 (c:/texlive/2021/texmf-dist/tex/generic/pgf/math/pgfmath.code.tex (c:/texlive/2021/texmf-dist/tex/generic/pgf/math/pgfmathcalc.code.tex (c:/texlive/2021/texmf-dist/tex/generic/pgf/math/pgfmathutil.code.tex) (c:/texlive/2021/texmf-dist/tex/generic/pgf/math/pgfmathparser.code.tex
\pgfmath@dimen=\dimen155
\pgfmath@count=\count198
\pgfmath@box=\box52
\pgfmath@toks=\toks24
\pgfmath@stack@operand=\toks25
\pgfmath@stack@operation=\toks26
) (c:/texlive/2021/texmf-dist/tex/generic/pgf/math/pgfmathfunctions.code.tex (c:/texlive/2021/texmf-dist/tex/generic/pgf/math/pgfmathfunctions.basic.code.tex) (c:/texlive/2021/texmf-dist/tex/generic/pgf/math/pgfmathfunctions.trigonometric.code.tex) (c:/texlive/2021/texmf-dist/tex/generic/pgf/math/pgfmathfunctions.random.code.tex) (c:/texlive/2021/texmf-dist/tex/generic/pgf/math/pgfmathfunctions.comparison.code.tex) (c:/texlive/2021/texmf-dist/tex/generic/pgf/math/pgfmathfunctions.base.code.tex) (c:/texlive/2021/texmf-dist/tex/generic/pgf/math/pgfmathfunctions.round.code.tex) (c:/texlive/2021/texmf-dist/tex/generic/pgf/math/pgfmathfunctions.misc.code.tex) (c:/texlive/2021/texmf-dist/tex/generic/pgf/math/pgfmathfunctions.integerarithmetics.code.tex))) (c:/texlive/2021/texmf-dist/tex/generic/pgf/math/pgfmathfloat.code.tex
\c@pgfmathroundto@lastzeros=\count199
)) (c:/texlive/2021/texmf-dist/tex/generic/pgf/math/pgfint.code.tex) (c:/texlive/2021/texmf-dist/tex/generic/pgf/basiclayer/pgfcorepoints.code.tex
File: pgfcorepoints.code.tex 2020/12/27 v3.1.8b (3.1.8b)
\pgf@picminx=\dimen156
\pgf@picmaxx=\dimen157
\pgf@picminy=\dimen158
\pgf@picmaxy=\dimen159
\pgf@pathminx=\dimen160
\pgf@pathmaxx=\dimen161
\pgf@pathminy=\dimen162
\pgf@pathmaxy=\dimen163
\pgf@xx=\dimen164
\pgf@xy=\dimen165
\pgf@yx=\dimen166
\pgf@yy=\dimen167
\pgf@zx=\dimen168
\pgf@zy=\dimen169
) (c:/texlive/2021/texmf-dist/tex/generic/pgf/basiclayer/pgfcorepathconstruct.code.tex
File: pgfcorepathconstruct.code.tex 2020/12/27 v3.1.8b (3.1.8b)
\pgf@path@lastx=\dimen170
\pgf@path@lasty=\dimen171
) (c:/texlive/2021/texmf-dist/tex/generic/pgf/basiclayer/pgfcorepathusage.code.tex
File: pgfcorepathusage.code.tex 2020/12/27 v3.1.8b (3.1.8b)
\pgf@shorten@end@additional=\dimen172
\pgf@shorten@start@additional=\dimen173
) (c:/texlive/2021/texmf-dist/tex/generic/pgf/basiclayer/pgfcorescopes.code.tex
File: pgfcorescopes.code.tex 2020/12/27 v3.1.8b (3.1.8b)
\pgfpic=\box53
\pgf@hbox=\box54
\pgf@layerbox@main=\box55
\pgf@picture@serial@count=\count266
) (c:/texlive/2021/texmf-dist/tex/generic/pgf/basiclayer/pgfcoregraphicstate.code.tex
File: pgfcoregraphicstate.code.tex 2020/12/27 v3.1.8b (3.1.8b)
\pgflinewidth=\dimen174
) (c:/texlive/2021/texmf-dist/tex/generic/pgf/basiclayer/pgfcoretransformations.code.tex
File: pgfcoretransformations.code.tex 2020/12/27 v3.1.8b (3.1.8b)
\pgf@pt@x=\dimen175
\pgf@pt@y=\dimen176
\pgf@pt@temp=\dimen177
) (c:/texlive/2021/texmf-dist/tex/generic/pgf/basiclayer/pgfcorequick.code.tex
File: pgfcorequick.code.tex 2020/12/27 v3.1.8b (3.1.8b)
) (c:/texlive/2021/texmf-dist/tex/generic/pgf/basiclayer/pgfcoreobjects.code.tex
File: pgfcoreobjects.code.tex 2020/12/27 v3.1.8b (3.1.8b)
) (c:/texlive/2021/texmf-dist/tex/generic/pgf/basiclayer/pgfcorepathprocessing.code.tex
File: pgfcorepathprocessing.code.tex 2020/12/27 v3.1.8b (3.1.8b)
) (c:/texlive/2021/texmf-dist/tex/generic/pgf/basiclayer/pgfcorearrows.code.tex
File: pgfcorearrows.code.tex 2020/12/27 v3.1.8b (3.1.8b)
\pgfarrowsep=\dimen178
) (c:/texlive/2021/texmf-dist/tex/generic/pgf/basiclayer/pgfcoreshade.code.tex
File: pgfcoreshade.code.tex 2020/12/27 v3.1.8b (3.1.8b)
\pgf@max=\dimen179
\pgf@sys@shading@range@num=\count267
\pgf@shadingcount=\count268
) (c:/texlive/2021/texmf-dist/tex/generic/pgf/basiclayer/pgfcoreimage.code.tex
File: pgfcoreimage.code.tex 2020/12/27 v3.1.8b (3.1.8b)
 (c:/texlive/2021/texmf-dist/tex/generic/pgf/basiclayer/pgfcoreexternal.code.tex
File: pgfcoreexternal.code.tex 2020/12/27 v3.1.8b (3.1.8b)
\pgfexternal@startupbox=\box56
)) (c:/texlive/2021/texmf-dist/tex/generic/pgf/basiclayer/pgfcorelayers.code.tex
File: pgfcorelayers.code.tex 2020/12/27 v3.1.8b (3.1.8b)
) (c:/texlive/2021/texmf-dist/tex/generic/pgf/basiclayer/pgfcoretransparency.code.tex
File: pgfcoretransparency.code.tex 2020/12/27 v3.1.8b (3.1.8b)
) (c:/texlive/2021/texmf-dist/tex/generic/pgf/basiclayer/pgfcorepatterns.code.tex
File: pgfcorepatterns.code.tex 2020/12/27 v3.1.8b (3.1.8b)
) (c:/texlive/2021/texmf-dist/tex/generic/pgf/basiclayer/pgfcorerdf.code.tex
File: pgfcorerdf.code.tex 2020/12/27 v3.1.8b (3.1.8b)
))) (c:/texlive/2021/texmf-dist/tex/generic/pgf/modules/pgfmoduleshapes.code.tex
File: pgfmoduleshapes.code.tex 2020/12/27 v3.1.8b (3.1.8b)
\pgfnodeparttextbox=\box57
) (c:/texlive/2021/texmf-dist/tex/generic/pgf/modules/pgfmoduleplot.code.tex
File: pgfmoduleplot.code.tex 2020/12/27 v3.1.8b (3.1.8b)
) (c:/texlive/2021/texmf-dist/tex/latex/pgf/compatibility/pgfcomp-version-0-65.sty
Package: pgfcomp-version-0-65 2020/12/27 v3.1.8b (3.1.8b)
\pgf@nodesepstart=\dimen180
\pgf@nodesepend=\dimen181
) (c:/texlive/2021/texmf-dist/tex/latex/pgf/compatibility/pgfcomp-version-1-18.sty
Package: pgfcomp-version-1-18 2020/12/27 v3.1.8b (3.1.8b)
)) (c:/texlive/2021/texmf-dist/tex/latex/pgf/utilities/pgffor.sty (c:/texlive/2021/texmf-dist/tex/latex/pgf/utilities/pgfkeys.sty (c:/texlive/2021/texmf-dist/tex/generic/pgf/utilities/pgfkeys.code.tex)) (c:/texlive/2021/texmf-dist/tex/latex/pgf/math/pgfmath.sty (c:/texlive/2021/texmf-dist/tex/generic/pgf/math/pgfmath.code.tex)) (c:/texlive/2021/texmf-dist/tex/generic/pgf/utilities/pgffor.code.tex
Package: pgffor 2020/12/27 v3.1.8b (3.1.8b)
 (c:/texlive/2021/texmf-dist/tex/generic/pgf/math/pgfmath.code.tex)
\pgffor@iter=\dimen182
\pgffor@skip=\dimen183
\pgffor@stack=\toks27
\pgffor@toks=\toks28
)) (c:/texlive/2021/texmf-dist/tex/generic/pgf/frontendlayer/tikz/tikz.code.tex
Package: tikz 2020/12/27 v3.1.8b (3.1.8b)
 (c:/texlive/2021/texmf-dist/tex/generic/pgf/libraries/pgflibraryplothandlers.code.tex
File: pgflibraryplothandlers.code.tex 2020/12/27 v3.1.8b (3.1.8b)
\pgf@plot@mark@count=\count269
\pgfplotmarksize=\dimen184
)
\tikz@lastx=\dimen185
\tikz@lasty=\dimen186
\tikz@lastxsaved=\dimen187
\tikz@lastysaved=\dimen188
\tikz@lastmovetox=\dimen189
\tikz@lastmovetoy=\dimen190
\tikzleveldistance=\dimen191
\tikzsiblingdistance=\dimen192
\tikz@figbox=\box58
\tikz@figbox@bg=\box59
\tikz@tempbox=\box60
\tikz@tempbox@bg=\box61
\tikztreelevel=\count270
\tikznumberofchildren=\count271
\tikznumberofcurrentchild=\count272
\tikz@fig@count=\count273
 (c:/texlive/2021/texmf-dist/tex/generic/pgf/modules/pgfmodulematrix.code.tex
File: pgfmodulematrix.code.tex 2020/12/27 v3.1.8b (3.1.8b)
\pgfmatrixcurrentrow=\count274
\pgfmatrixcurrentcolumn=\count275
\pgf@matrix@numberofcolumns=\count276
)
\tikz@expandcount=\count277
 (c:/texlive/2021/texmf-dist/tex/generic/pgf/frontendlayer/tikz/libraries/tikzlibrarytopaths.code.tex
File: tikzlibrarytopaths.code.tex 2020/12/27 v3.1.8b (3.1.8b)
))) (c:/texlive/2021/texmf-dist/tex/latex/base/ifthen.sty
Package: ifthen 2014/09/29 v1.1c Standard LaTeX ifthen package (DPC)
) (c:/texlive/2021/texmf-dist/tex/latex/base/fontenc.sty
Package: fontenc 2020/08/10 v2.0s Standard LaTeX package
) (c:/texlive/2021/texmf-dist/tex/generic/pgf/frontendlayer/tikz/libraries/tikzlibrarydecorations.code.tex (c:/texlive/2021/texmf-dist/tex/generic/pgf/modules/pgfmoduledecorations.code.tex
\pgfdecoratedcompleteddistance=\dimen193
\pgfdecoratedremainingdistance=\dimen194
\pgfdecoratedinputsegmentcompleteddistance=\dimen195
\pgfdecoratedinputsegmentremainingdistance=\dimen196
\pgf@decorate@distancetomove=\dimen197
\pgf@decorate@repeatstate=\count278
\pgfdecorationsegmentamplitude=\dimen198
\pgfdecorationsegmentlength=\dimen199
)
\tikz@lib@dec@box=\box62
) (c:/texlive/2021/texmf-dist/tex/generic/pgf/frontendlayer/tikz/libraries/tikzlibraryfadings.code.tex
File: tikzlibraryfadings.code.tex 2020/12/27 v3.1.8b (3.1.8b)
 (c:/texlive/2021/texmf-dist/tex/generic/pgf/libraries/pgflibraryfadings.code.tex
File: pgflibraryfadings.code.tex 2020/12/27 v3.1.8b (3.1.8b)
)) (c:/texlive/2021/texmf-dist/tex/generic/pgf/frontendlayer/tikz/libraries/tikzlibrarysnakes.code.tex
File: tikzlibrarysnakes.code.tex 2020/12/27 v3.1.8b (3.1.8b)


Package pgf Warning: Snakes have been superseded by decorations. Please use the decoration libraries instead of the snakes library on input line 14.

(c:/texlive/2021/texmf-dist/tex/generic/pgf/frontendlayer/tikz/libraries/tikzlibrarydecorations.pathmorphing.code.tex (c:/texlive/2021/texmf-dist/tex/generic/pgf/libraries/decorations/pgflibrarydecorations.pathmorphing.code.tex)) (c:/texlive/2021/texmf-dist/tex/generic/pgf/frontendlayer/tikz/libraries/tikzlibrarydecorations.pathreplacing.code.tex (c:/texlive/2021/texmf-dist/tex/generic/pgf/libraries/decorations/pgflibrarydecorations.pathreplacing.code.tex)) (c:/texlive/2021/texmf-dist/tex/generic/pgf/frontendlayer/tikz/libraries/tikzlibrarydecorations.shapes.code.tex (c:/texlive/2021/texmf-dist/tex/generic/pgf/libraries/decorations/pgflibrarydecorations.shapes.code.tex))) (c:/texlive/2021/texmf-dist/tex/generic/pgf/frontendlayer/tikz/libraries/tikzlibrarycalc.code.tex
File: tikzlibrarycalc.code.tex 2020/12/27 v3.1.8b (3.1.8b)
)
\baposter@movebody=\skip72
\baposter@basemarginright=\skip73
\baposter@basemarginleft=\skip74

Paperwidth=2392.87677pt
Paperheight=3383.03267pt
BasePaperwidth=698.73782pt
BasePaperheight=987.87073pt
(c:/texlive/2021/texmf-dist/tex/latex/geometry/geometry.sty
Package: geometry 2020/01/02 v5.9 Page Geometry
 (c:/texlive/2021/texmf-dist/tex/generic/iftex/ifvtex.sty
Package: ifvtex 2019/10/25 v1.7 ifvtex legacy package. Use iftex instead.
 (c:/texlive/2021/texmf-dist/tex/generic/iftex/iftex.sty
Package: iftex 2020/03/06 v1.0d TeX engine tests
))
\Gm@cnth=\count279
\Gm@cntv=\count280
\c@Gm@tempcnt=\count281
\Gm@bindingoffset=\dimen256
\Gm@wd@mp=\dimen257
\Gm@odd@mp=\dimen258
\Gm@even@mp=\dimen259
\Gm@layoutwidth=\dimen260
\Gm@layoutheight=\dimen261
\Gm@layouthoffset=\dimen262
\Gm@layoutvoffset=\dimen263
\Gm@dimlist=\toks29
) (c:/texlive/2021/texmf-dist/tex/latex/pgf/utilities/pgfpages.sty
Package: pgfpages 2011/01/05 ver 0.02
\pgf@logicalpages=\count282
\pgf@firstshipout=\count283
\pgf@lastshipout=\count284
\pgf@currentshipout=\count285
\pgf@cpn=\count286
\pgf@shipoutnextto=\count287
\pgfphysicalheight=\dimen264
\pgfphysicalwidth=\dimen265
\pgfpages@shipoutbox=\box63
)
\pgfpages@box@1=\box64
) (c:/texlive/2021/texmf-dist/tex/latex/cjk-ko/kotex.sty
Package: kotex 2015/04/19 v1.6 Korean TeX (ko.TeX)
 (c:/texlive/2021/texmf-dist/tex/latex/kotex-utf/kotex.cfg) (c:/texlive/2021/texmf-dist/tex/latex/kotex-utf/kotexutf.sty
Package: kotexutf 2015/07/18 v2.1.1 typesetting UTF-8 Korean documents
 (c:/texlive/2021/texmf-dist/tex/latex/base/inputenc.sty
Package: inputenc 2020/08/01 v1.3d Input encoding file
\inpenc@prehook=\toks30
\inpenc@posthook=\toks31
) (c:/texlive/2021/texmf-dist/tex/plain/kotex-plain/kotexutf-core.tex
\unih@ngulpoint=\count288
\dhucs@emph@raise=\dimen266
)
Now handling font encoding LUC ...
... processing UTF-8 mapping file for font encoding LUC
 (c:/texlive/2021/texmf-dist/tex/latex/kotex-utf/lucenc.dfu
File: lucenc.dfu 2007/09/05 UTF-8 support for dhucs
   defining Unicode char U+00B7 (decimal 183)
   defining Unicode char U+2018 (decimal 8216)
   defining Unicode char U+2019 (decimal 8217)
   defining Unicode char U+201C (decimal 8220)
   defining Unicode char U+201D (decimal 8221)
   defining Unicode char U+3001 (decimal 12289)
   defining Unicode char U+3002 (decimal 12290)
   defining Unicode char U+3008 (decimal 12296)
   defining Unicode char U+3009 (decimal 12297)
   defining Unicode char U+300A (decimal 12298)
   defining Unicode char U+300B (decimal 12299)
   defining Unicode char U+300C (decimal 12300)
   defining Unicode char U+300D (decimal 12301)
   defining Unicode char U+300E (decimal 12302)
   defining Unicode char U+300F (decimal 12303)
   defining Unicode char U+3010 (decimal 12304)
   defining Unicode char U+3011 (decimal 12305)
   defining Unicode char U+3014 (decimal 12308)
   defining Unicode char U+3015 (decimal 12309)
   defining Unicode char U+3016 (decimal 12310)
   defining Unicode char U+3017 (decimal 12311)
   defining Unicode char U+3018 (decimal 12312)
   defining Unicode char U+3019 (decimal 12313)
   defining Unicode char U+301A (decimal 12314)
   defining Unicode char U+301B (decimal 12315)
   defining Unicode char U+FF01 (decimal 65281)
   defining Unicode char U+FF08 (decimal 65288)
   defining Unicode char U+FF09 (decimal 65289)
   defining Unicode char U+FF0C (decimal 65292)
   defining Unicode char U+FF0E (decimal 65294)
   defining Unicode char U+FF1A (decimal 65306)
   defining Unicode char U+FF1B (decimal 65307)
   defining Unicode char U+FF1C (decimal 65308)
   defining Unicode char U+FF1D (decimal 65309)
   defining Unicode char U+FF1E (decimal 65310)
   defining Unicode char U+FF1F (decimal 65311)
   defining Unicode char U+FF3B (decimal 65339)
   defining Unicode char U+FF3D (decimal 65341)
   defining Unicode char U+FF5B (decimal 65371)
   defining Unicode char U+FF5D (decimal 65373)
   defining Unicode char U+FF61 (decimal 65377)
   defining Unicode char U+FF62 (decimal 65378)
   defining Unicode char U+FF63 (decimal 65379)
   defining Unicode char U+FF64 (decimal 65380)
   defining Unicode char U+FF65 (decimal 65381)
)
\@josa=\count289
\josatoks=\toks32
 (c:/texlive/2021/texmf-dist/tex/latex/cjk-ko/kolabels-utf.sty
Package: kolabels-utf 2015/03/20 v1.5 UTF-8 Hangul item labels
))) (c:/texlive/2021/texmf-dist/tex/generic/babel/babel.sty
Package: babel 2021/03/24 3.56 The Babel package
 (c:/texlive/2021/texmf-dist/tex/generic/babel/babel.def
File: babel.def 2021/03/24 3.56 Babel common definitions
\babel@savecnt=\count290
\U@D=\dimen267
\l@babelnohyphens=\language87
 (c:/texlive/2021/texmf-dist/tex/generic/babel/txtbabel.def)
\bbl@readstream=\read3
)
\bbl@dirlevel=\count291
 (c:/texlive/2021/texmf-dist/tex/generic/babel-english/english.ldf
Language: english 2017/06/06 v3.3r English support from the babel system
Package babel Info: \l@canadian = using hyphenrules for english
(babel)             (\language0) on input line 102.
Package babel Info: \l@australian = using hyphenrules for ukenglish
(babel)             (\language21) on input line 105.
Package babel Info: \l@newzealand = using hyphenrules for ukenglish
(babel)             (\language21) on input line 108.
)) (c:/texlive/2021/texmf-dist/tex/latex/psnfss/helvet.sty
Package: helvet 2020/03/25 PSNFSS-v9.3 (WaS) 
) (c:/texlive/2021/texmf-dist/tex/latex/sfmath/sfmath.sty
Package: sfmath 2007/08/27 v0.8 sans serif maths
LaTeX Font Info:    Overwriting symbol font `operators' in version `normal'
(Font)                  OT1/cmr/m/n --> OT1/phv/m/n on input line 329.
LaTeX Font Info:    Overwriting symbol font `operators' in version `bold'
(Font)                  OT1/cmr/bx/n --> OT1/phv/bx/n on input line 330.
\symSFMath=\mathgroup4
LaTeX Font Info:    Overwriting symbol font `SFMath' in version `normal'
(Font)                  OT1/phv/m/sl --> OT1/phv/m/sl on input line 343.
LaTeX Font Info:    Overwriting symbol font `SFMath' in version `bold'
(Font)                  OT1/phv/m/sl --> OT1/phv/bx/sl on input line 344.
LaTeX Font Info:    Redeclaring math symbol \imath on input line 398.
LaTeX Font Info:    Redeclaring math symbol \jmath on input line 399.
\symSFMathUp=\mathgroup5
LaTeX Font Info:    Overwriting symbol font `SFMathUp' in version `normal'
(Font)                  OT1/phv/m/n --> OT1/phv/m/n on input line 406.
LaTeX Font Info:    Overwriting symbol font `SFMathUp' in version `bold'
(Font)                  OT1/phv/m/n --> OT1/phv/bx/n on input line 407.
LaTeX Font Info:    Redeclaring math symbol \ldotp on input line 410.
\symSFMathGreek=\mathgroup6
LaTeX Font Info:    Overwriting symbol font `SFMathGreek' in version `normal'
(Font)                  OT1/cmss/m/n --> OT1/cmss/m/n on input line 419.
LaTeX Font Info:    Overwriting symbol font `SFMathGreek' in version `bold'
(Font)                  OT1/cmss/m/n --> OT1/cmss/bx/n on input line 420.
LaTeX Font Info:    Redeclaring math symbol \Gamma on input line 422.
LaTeX Font Info:    Redeclaring math symbol \Delta on input line 423.
LaTeX Font Info:    Redeclaring math symbol \Theta on input line 424.
LaTeX Font Info:    Redeclaring math symbol \Lambda on input line 425.
LaTeX Font Info:    Redeclaring math symbol \Xi on input line 426.
LaTeX Font Info:    Redeclaring math symbol \Pi on input line 427.
LaTeX Font Info:    Redeclaring math symbol \Sigma on input line 428.
LaTeX Font Info:    Redeclaring math symbol \Upsilon on input line 429.
LaTeX Font Info:    Redeclaring math symbol \Phi on input line 430.
LaTeX Font Info:    Redeclaring math symbol \Psi on input line 431.
LaTeX Font Info:    Redeclaring math symbol \Omega on input line 432.
\symSFMathUpGreek=\mathgroup7
LaTeX Font Info:    Overwriting symbol font `SFMathUpGreek' in version `normal'
(Font)                  OT1/cmss/m/n --> OT1/cmss/m/n on input line 436.
LaTeX Font Info:    Overwriting symbol font `SFMathUpGreek' in version `bold'
(Font)                  OT1/cmss/m/n --> OT1/cmss/bx/n on input line 437.
LaTeX Font Info:    Overwriting math alphabet `\mathnormal' in version `normal'
(Font)                  OML/cmm/m/it --> OT1/phv/m/sl on input line 446.
LaTeX Font Info:    Overwriting math alphabet `\mathnormal' in version `bold'
(Font)                  OML/cmm/b/it --> OT1/phv/bx/sl on input line 447.
LaTeX Font Info:    Overwriting math alphabet `\mathrm' in version `normal'
(Font)                  OT1/phv/m/n --> OT1/phv/m/n on input line 449.
LaTeX Font Info:    Overwriting math alphabet `\mathrm' in version `bold'
(Font)                  OT1/phv/bx/n --> OT1/phv/bx/n on input line 450.
LaTeX Font Info:    Overwriting math alphabet `\mathbf' in version `normal'
(Font)                  OT1/cmr/bx/n --> OT1/phv/bx/n on input line 452.
LaTeX Font Info:    Overwriting math alphabet `\mathbf' in version `bold'
(Font)                  OT1/cmr/bx/n --> OT1/phv/bx/n on input line 453.
LaTeX Font Info:    Overwriting math alphabet `\mathit' in version `normal'
(Font)                  OT1/cmr/m/it --> OT1/phv/m/sl on input line 455.
LaTeX Font Info:    Overwriting math alphabet `\mathit' in version `bold'
(Font)                  OT1/cmr/bx/it --> OT1/phv/bx/sl on input line 456.
LaTeX Font Info:    Overwriting math alphabet `\mathsf' in version `normal'
(Font)                  OT1/cmss/m/n --> OT1/phv/m/n on input line 458.
LaTeX Font Info:    Overwriting math alphabet `\mathsf' in version `bold'
(Font)                  OT1/cmss/bx/n --> OT1/phv/bx/n on input line 459.
LaTeX Font Info:    Overwriting math alphabet `\mathsl' in version `bold'
(Font)                  OT1/phv/m/sl --> OT1/phv/bx/sl on input line 466.
) (c:/texlive/2021/texmf-dist/tex/latex/base/fontenc.sty
Package: fontenc 2020/08/10 v2.0s Standard LaTeX package
LaTeX Font Info:    Trying to load font information for T1+phv on input line 112.
 (c:/texlive/2021/texmf-dist/tex/latex/psnfss/t1phv.fd
File: t1phv.fd 2020/03/25 scalable font definitions for T1/phv.
)) (c:/texlive/2021/texmf-dist/tex/latex/algorithmicx/algpseudocode.sty
Package: algpseudocode 
 (c:/texlive/2021/texmf-dist/tex/latex/algorithmicx/algorithmicx.sty
Package: algorithmicx 2005/04/27 v1.2 Algorithmicx

Document Style algorithmicx 1.2 - a greatly improved `algorithmic' style
\c@ALG@line=\count292
\c@ALG@rem=\count293
\c@ALG@nested=\count294
\ALG@tlm=\skip75
\ALG@thistlm=\skip76
\c@ALG@Lnr=\count295
\c@ALG@blocknr=\count296
\c@ALG@storecount=\count297
\c@ALG@tmpcounter=\count298
\ALG@tmplength=\skip77
)
Document Style - pseudocode environments for use with the `algorithmicx' style
) (c:/texlive/2021/texmf-dist/tex/latex/cite/cite.sty
LaTeX Info: Redefining \cite on input line 302.
LaTeX Info: Redefining \nocite on input line 332.
Package: cite 2015/02/27  v 5.5
) (c:/texlive/2021/texmf-dist/tex/latex/caption/caption.sty
Package: caption 2020/10/26 v3.5g Customizing captions (AR)
 (c:/texlive/2021/texmf-dist/tex/latex/caption/caption3.sty
Package: caption3 2020/10/21 v2.2e caption3 kernel (AR)
\captionmargin=\dimen268
\captionmargin@=\dimen269
\captionwidth=\dimen270
\caption@tempdima=\dimen271
\caption@indent=\dimen272
\caption@parindent=\dimen273
\caption@hangindent=\dimen274
Package caption Info: Standard document class detected.
)
\c@caption@flags=\count299
\c@continuedfloat=\count300
) (c:/texlive/2021/texmf-dist/tex/latex/tools/array.sty
Package: array 2020/10/01 v2.5c Tabular extension package (FMi)
\col@sep=\dimen275
\ar@mcellbox=\box65
\extrarowheight=\dimen276
\NC@list=\toks33
\extratabsurround=\skip78
\backup@length=\skip79
\ar@cellbox=\box66
) (c:/texlive/2021/texmf-dist/tex/latex/booktabs/booktabs.sty
Package: booktabs 2020/01/12 v1.61803398 Publication quality tables
\heavyrulewidth=\dimen277
\lightrulewidth=\dimen278
\cmidrulewidth=\dimen279
\belowrulesep=\dimen280
\belowbottomsep=\dimen281
\aboverulesep=\dimen282
\abovetopsep=\dimen283
\cmidrulesep=\dimen284
\cmidrulekern=\dimen285
\defaultaddspace=\dimen286
\@cmidla=\count301
\@cmidlb=\count302
\@aboverulesep=\dimen287
\@belowrulesep=\dimen288
\@thisruleclass=\count303
\@lastruleclass=\count304
\@thisrulewidth=\dimen289
) (c:/texlive/2021/texmf-dist/tex/latex/pgfplots/pgfplots.sty (c:/texlive/2021/texmf-dist/tex/generic/pgfplots/pgfplots.revision.tex)
Package: pgfplots 2020/02/29 v1.17 Data Visualization (1.17)
 (c:/texlive/2021/texmf-dist/tex/generic/pgfplots/pgfplots.code.tex (c:/texlive/2021/texmf-dist/tex/generic/pgfplots/pgfplotscore.code.tex
\t@pgfplots@toka=\toks34
\t@pgfplots@tokb=\toks35
\t@pgfplots@tokc=\toks36
\pgfplots@tmpa=\dimen290
\c@pgfplots@coordindex=\count305
\c@pgfplots@scanlineindex=\count306
 (c:/texlive/2021/texmf-dist/tex/generic/pgfplots/sys/pgfplotssysgeneric.code.tex)) (c:/texlive/2021/texmf-dist/tex/generic/pgfplots/libs/pgfplotslibrary.code.tex) (c:/texlive/2021/texmf-dist/tex/generic/pgfplots/oldpgfcompatib/pgfplotsoldpgfsupp_loader.code.tex (c:/texlive/2021/texmf-dist/tex/generic/pgf/libraries/pgflibraryfpu.code.tex)) (c:/texlive/2021/texmf-dist/tex/generic/pgfplots/util/pgfplotsutil.code.tex (c:/texlive/2021/texmf-dist/tex/generic/pgfplots/liststructure/pgfplotsliststructure.code.tex) (c:/texlive/2021/texmf-dist/tex/generic/pgfplots/liststructure/pgfplotsliststructureext.code.tex) (c:/texlive/2021/texmf-dist/tex/generic/pgfplots/liststructure/pgfplotsarray.code.tex
\c@pgfplotsarray@tmp=\count307
) (c:/texlive/2021/texmf-dist/tex/generic/pgfplots/liststructure/pgfplotsmatrix.code.tex) (c:/texlive/2021/texmf-dist/tex/generic/pgfplots/numtable/pgfplotstableshared.code.tex
\c@pgfplotstable@counta=\count308
\t@pgfplotstable@a=\toks37
) (c:/texlive/2021/texmf-dist/tex/generic/pgfplots/liststructure/pgfplotsdeque.code.tex) (c:/texlive/2021/texmf-dist/tex/generic/pgfplots/util/pgfplotsbinary.code.tex (c:/texlive/2021/texmf-dist/tex/generic/pgfplots/util/pgfplotsbinary.data.code.tex)) (c:/texlive/2021/texmf-dist/tex/generic/pgfplots/util/pgfplotsutil.verb.code.tex) (c:/texlive/2021/texmf-dist/tex/generic/pgfplots/libs/pgflibrarypgfplots.surfshading.code.tex
\c@pgfplotslibrarysurf@no=\count309
 (c:/texlive/2021/texmf-dist/tex/generic/pgfplots/sys/pgflibrarypgfplots.surfshading.pgfsys-pdftex.def))) (c:/texlive/2021/texmf-dist/tex/generic/pgfplots/util/pgfplotscolormap.code.tex (c:/texlive/2021/texmf-dist/tex/generic/pgfplots/util/pgfplotscolor.code.tex)) (c:/texlive/2021/texmf-dist/tex/generic/pgfplots/pgfplotsstackedplots.code.tex) (c:/texlive/2021/texmf-dist/tex/generic/pgfplots/pgfplotsplothandlers.code.tex (c:/texlive/2021/texmf-dist/tex/generic/pgfplots/pgfplotsmeshplothandler.code.tex (c:/texlive/2021/texmf-dist/tex/generic/pgfplots/pgfplotsmeshplotimage.code.tex))) (c:/texlive/2021/texmf-dist/tex/generic/pgfplots/pgfplots.scaling.code.tex) (c:/texlive/2021/texmf-dist/tex/generic/pgfplots/pgfplotscoordprocessing.code.tex) (c:/texlive/2021/texmf-dist/tex/generic/pgfplots/pgfplots.errorbars.code.tex) (c:/texlive/2021/texmf-dist/tex/generic/pgfplots/pgfplots.markers.code.tex) (c:/texlive/2021/texmf-dist/tex/generic/pgfplots/pgfplotsticks.code.tex) (c:/texlive/2021/texmf-dist/tex/generic/pgfplots/pgfplots.paths.code.tex)
\pgfplots@numplots=\count310
\pgfplots@xmin@reg=\dimen291
\pgfplots@xmax@reg=\dimen292
\pgfplots@ymin@reg=\dimen293
\pgfplots@ymax@reg=\dimen294
\pgfplots@zmin@reg=\dimen295
\pgfplots@zmax@reg=\dimen296
) (c:/texlive/2021/texmf-dist/tex/generic/pgf/frontendlayer/tikz/libraries/tikzlibraryplotmarks.code.tex
File: tikzlibraryplotmarks.code.tex 2020/12/27 v3.1.8b (3.1.8b)
 (c:/texlive/2021/texmf-dist/tex/generic/pgf/libraries/pgflibraryplotmarks.code.tex
File: pgflibraryplotmarks.code.tex 2020/12/27 v3.1.8b (3.1.8b)
))) (c:/texlive/2021/texmf-dist/tex/latex/amsmath/amsmath.sty
Package: amsmath 2020/09/23 v2.17i AMS math features
\@mathmargin=\skip80

For additional information on amsmath, use the `?' option.
(c:/texlive/2021/texmf-dist/tex/latex/amsmath/amstext.sty
Package: amstext 2000/06/29 v2.01 AMS text
 (c:/texlive/2021/texmf-dist/tex/latex/amsmath/amsgen.sty
File: amsgen.sty 1999/11/30 v2.0 generic functions
\@emptytoks=\toks38
\ex@=\dimen297
)) (c:/texlive/2021/texmf-dist/tex/latex/amsmath/amsbsy.sty
Package: amsbsy 1999/11/29 v1.2d Bold Symbols
\pmbraise@=\dimen298
) (c:/texlive/2021/texmf-dist/tex/latex/amsmath/amsopn.sty
Package: amsopn 2016/03/08 v2.02 operator names
)
\inf@bad=\count311
LaTeX Info: Redefining \frac on input line 234.
\uproot@=\count312
\leftroot@=\count313
LaTeX Info: Redefining \overline on input line 399.
\classnum@=\count314
\DOTSCASE@=\count315
LaTeX Info: Redefining \ldots on input line 496.
LaTeX Info: Redefining \dots on input line 499.
LaTeX Info: Redefining \cdots on input line 620.
\Mathstrutbox@=\box67
\strutbox@=\box68
\big@size=\dimen299
LaTeX Font Info:    Redeclaring font encoding OML on input line 743.
LaTeX Font Info:    Redeclaring font encoding OMS on input line 744.
\macc@depth=\count316
\c@MaxMatrixCols=\count317
\dotsspace@=\muskip16
\c@parentequation=\count318
\dspbrk@lvl=\count319
\tag@help=\toks39
\row@=\count320
\column@=\count321
\maxfields@=\count322
\andhelp@=\toks40
\eqnshift@=\dimen300
\alignsep@=\dimen301
\tagshift@=\dimen302
\tagwidth@=\dimen303
\totwidth@=\dimen304
\lineht@=\dimen305
\@envbody=\toks41
\multlinegap=\skip81
\multlinetaggap=\skip82
\mathdisplay@stack=\toks42
LaTeX Info: Redefining \[ on input line 2923.
LaTeX Info: Redefining \] on input line 2924.
) (c:/texlive/2021/texmf-dist/tex/latex/amsfonts/amssymb.sty
Package: amssymb 2013/01/14 v3.01 AMS font symbols
 (c:/texlive/2021/texmf-dist/tex/latex/amsfonts/amsfonts.sty
Package: amsfonts 2013/01/14 v3.01 Basic AMSFonts support
\symAMSa=\mathgroup8
\symAMSb=\mathgroup9
LaTeX Font Info:    Redeclaring math symbol \hbar on input line 98.
LaTeX Font Info:    Overwriting math alphabet `\mathfrak' in version `bold'
(Font)                  U/euf/m/n --> U/euf/b/n on input line 106.
)) (c:/texlive/2021/texmf-dist/tex/latex/algorithms/algorithm.sty
Package: algorithm 2009/08/24 v0.1 Document Style `algorithm' - floating environment
 (c:/texlive/2021/texmf-dist/tex/latex/float/float.sty
Package: float 2001/11/08 v1.3d Float enhancements (AL)
\c@float@type=\count323
\float@exts=\toks43
\float@box=\box69
\@float@everytoks=\toks44
\@floatcapt=\box70
)
\@float@every@algorithm=\toks45
\c@algorithm=\count324
) (c:/texlive/2021/texmf-dist/tex/latex/filecontents/filecontents.sty
Package: filecontents 2019/09/20 v1.5 Create an external file from within a LaTeX document


Package filecontents Warning: This package is obsolete. Disabling it and
(filecontents)                passing control to the filecontents environment
(filecontents)                defined by the LaTeX kernel.

) (c:/texlive/2021/texmf-dist/tex/latex/pgfplots/pgfplotstable.sty (c:/texlive/2021/texmf-dist/tex/generic/pgfplots/pgfplots.revision.tex)
Package: pgfplotstable 2020/02/29 v1.17 Table typesetting and Pretty-printing (1.17)
 (c:/texlive/2021/texmf-dist/tex/generic/pgfplots/numtable/pgfplotstable.code.tex (c:/texlive/2021/texmf-dist/tex/generic/pgfplots/numtable/pgfplotstable.coltype.code.tex))) (c:/texlive/2021/texmf-dist/tex/latex/listings/listings.sty
\lst@mode=\count325
\lst@gtempboxa=\box71
\lst@token=\toks46
\lst@length=\count326
\lst@currlwidth=\dimen306
\lst@column=\count327
\lst@pos=\count328
\lst@lostspace=\dimen307
\lst@width=\dimen308
\lst@newlines=\count329
\lst@lineno=\count330
\lst@maxwidth=\dimen309
 (c:/texlive/2021/texmf-dist/tex/latex/listings/lstmisc.sty
File: lstmisc.sty 2020/03/24 1.8d (Carsten Heinz)
\c@lstnumber=\count331
\lst@skipnumbers=\count332
\lst@framebox=\box72
) (c:/texlive/2021/texmf-dist/tex/latex/listings/listings.cfg
File: listings.cfg 2020/03/24 1.8d listings configuration
))
Package: listings 2020/03/24 1.8d (Carsten Heinz)
 (c:/texlive/2021/texmf-dist/tex/latex/enumitem/enumitem.sty
Package: enumitem 2019/06/20 v3.9 Customized lists
\enitkv@toks@=\toks47
\labelindent=\skip83
\enit@outerparindent=\dimen310
\enit@toks=\toks48
\enit@inbox=\box73
\enit@count@id=\count333
\enitdp@description=\count334
) (c:/texlive/2021/texmf-dist/tex/latex/url/url.sty
\Urlmuskip=\muskip17
Package: url 2013/09/16  ver 3.4  Verb mode for urls, etc.
) (c:/texlive/2021/texmf-dist/tex/latex/l3backend/l3backend-pdftex.def
File: l3backend-pdftex.def 2021-03-18 L3 backend support: PDF output (pdfTeX)
\l__color_backend_stack_int=\count335
\l__pdf_internal_box=\box74
) (c:/Users/Kiehyun/Desktop/KBox/Github/junlam_2023/Jumlam_PosterP_3column.aux

LaTeX Warning: Label `circuit' multiply defined.

)
\openout1 = `Jumlam_PosterP_3column.aux'.

LaTeX Font Info:    Checking defaults for OML/cmm/m/it on input line 159.
LaTeX Font Info:    ... okay on input line 159.
LaTeX Font Info:    Checking defaults for OMS/cmsy/m/n on input line 159.
LaTeX Font Info:    ... okay on input line 159.
LaTeX Font Info:    Checking defaults for OT1/cmr/m/n on input line 159.
LaTeX Font Info:    ... okay on input line 159.
LaTeX Font Info:    Checking defaults for T1/cmr/m/n on input line 159.
LaTeX Font Info:    ... okay on input line 159.
LaTeX Font Info:    Checking defaults for TS1/cmr/m/n on input line 159.
LaTeX Font Info:    ... okay on input line 159.
LaTeX Font Info:    Checking defaults for OMX/cmex/m/n on input line 159.
LaTeX Font Info:    ... okay on input line 159.
LaTeX Font Info:    Checking defaults for U/cmr/m/n on input line 159.
LaTeX Font Info:    ... okay on input line 159.
LaTeX Font Info:    Checking defaults for LUC/nanummj/m/n on input line 159.
LaTeX Font Info:    Trying to load font information for LUC+nanummj on input line 159.
 (c:/texlive/2021/texmf-dist/tex/latex/nanumtype1/lucnanummj.fd
File: lucnanummj.fd 2013/02/12 v0.1 Nanum Myeongjo font definitions
)
LaTeX Font Info:    ... okay on input line 159.
 (c:/texlive/2021/texmf-dist/tex/context/base/mkii/supp-pdf.mkii
[Loading MPS to PDF converter (version 2006.09.02).]
\scratchcounter=\count336
\scratchdimen=\dimen311
\scratchbox=\box75
\nofMPsegments=\count337
\nofMParguments=\count338
\everyMPshowfont=\toks49
\MPscratchCnt=\count339
\MPscratchDim=\dimen312
\MPnumerator=\count340
\makeMPintoPDFobject=\count341
\everyMPtoPDFconversion=\toks50
) (c:/texlive/2021/texmf-dist/tex/latex/epstopdf-pkg/epstopdf-base.sty
Package: epstopdf-base 2020-01-24 v2.11 Base part for package epstopdf
Package epstopdf-base Info: Redefining graphics rule for `.eps' on input line 485.
 (c:/texlive/2021/texmf-dist/tex/latex/latexconfig/epstopdf-sys.cfg
File: epstopdf-sys.cfg 2010/07/13 v1.3 Configuration of (r)epstopdf for TeX Live
))
*geometry* driver: auto-detecting
*geometry* detected driver: pdftex
*geometry* verbose mode - [ preamble ] result:
* driver: pdftex
* paper: custom
* layout: <same size as paper>
* layoutoffset:(h,v)=(0.0pt,0.0pt)
* modes: 
* h-part:(L,W,R)=(12.46262pt, 673.81259pt, 12.46262pt)
* v-part:(T,H,B)=(12.46262pt, 962.9455pt, 12.46262pt)
* \paperwidth=698.73782pt
* \paperheight=987.87073pt
* \textwidth=673.81259pt
* \textheight=962.9455pt
* \oddsidemargin=-59.80737pt
* \evensidemargin=-59.80737pt
* \topmargin=-96.80737pt
* \headheight=12.0pt
* \headsep=25.0pt
* \topskip=10.0pt
* \footskip=30.0pt
* \marginparwidth=65.0pt
* \marginparsep=11.0pt
* \columnsep=10.0pt
* \skip\footins=9.0pt plus 4.0pt minus 2.0pt
* \hoffset=0.0pt
* \voffset=0.0pt
* \mag=1000
* \@twocolumnfalse
* \@twosidefalse
* \@mparswitchfalse
* \@reversemarginfalse
* (1in=72.27pt=25.4mm, 1cm=28.453pt)

Package caption Info: Begin \AtBeginDocument code.
Package caption Info: float package is loaded.
Package caption Info: listings package is loaded.
Package caption Info: End \AtBeginDocument code.
Package pgfplots notification 'compat/show suggested version=true': document has been generated with the most recent feature set (\pgfplotsset{compat=1.17}).

\c@lstlisting=\count342
<images/gshslogo1.png, id=29, 499.8675pt x 499.8675pt>
File: images/gshslogo1.png Graphic file (type png)
<use images/gshslogo1.png>
Package pdftex.def Info: images/gshslogo1.png  used on input line 221.
(pdftex.def)             Requested size: 72.2234pt x 72.22531pt.
LaTeX Font Info:    Trying to load font information for LUC+nanumgt on input line 221.
(c:/texlive/2021/texmf-dist/tex/latex/nanumtype1/lucnanumgt.fd
File: lucnanumgt.fd 2013/02/12 v0.1 Nanum Gothic font definitions
)

LaTeX Font Warning: Font shape `LUC/nanumgt/b/n' undefined
(Font)              using `LUC/nanumgt/m/n' instead on input line 221.

LaTeX Font Info:    Trying to load font information for OT1+phv on input line 221.
(c:/texlive/2021/texmf-dist/tex/latex/psnfss/ot1phv.fd
File: ot1phv.fd 2020/03/25 scalable font definitions for OT1/phv.
)
LaTeX Font Info:    Trying to load font information for U+msa on input line 221.
 (c:/texlive/2021/texmf-dist/tex/latex/amsfonts/umsa.fd
File: umsa.fd 2013/01/14 v3.01 AMS symbols A
)
LaTeX Font Info:    Trying to load font information for U+msb on input line 221.
 (c:/texlive/2021/texmf-dist/tex/latex/amsfonts/umsb.fd
File: umsb.fd 2013/01/14 v3.01 AMS symbols B
)
Missing character: There is no ; in font nullfont!
Missing character: There is no ; in font nullfont!
Missing character: There is no ; in font nullfont!

Underfull \hbox (badness 10000) in paragraph at lines 234--236

 []

Missing character: There is no ; in font nullfont!
Missing character: There is no ; in font nullfont!
Missing character: There is no ; in font nullfont!

Underfull \hbox (badness 2318) in paragraph at lines 249--251
\LUC/nanumgt/m/n/7/c8 p\LUC/nanumgt/m/n/7/d3 ^^L\LUC/nanumgt/m/n/7/ae 0\LUC/nanumgt/m/n/7/b2 ” \LUC/nanumgt/m/n/7/d3 ^^L\LUC/nanumgt/m/n/7/b9 | \LUC/nanumgt/m/n/7/c0 Ý\LUC/nanumgt/m/n/7/c1 1\LUC/nanumgt/m/n/7/d5 X\LUC/nanumgt/m/n/7/b2 ” \LUC/nanumgt/m/n/7/c7 ¥\LUC/nanumgt/m/n/7/ce X\LUC/nanumgt/m/n/7/b8 \ \LUC/nanumgt/m/n/7/c2 ^^X\LUC/nanumgt/m/n/7/c8 p\LUC/nanumgt/m/n/7/c6 @ \LUC/nanumgt/m/n/7/d5 h\LUC/nanumgt/m/n/7/ae Ø \LUC/nanumgt/m/n/7/d6 ^^D\LUC/nanumgt/m/n/7/c0 Á\LUC/nanumgt/m/n/7/c7 D \LUC/nanumgt/m/n/7/c9 Á\LUC/nanumgt/m/n/7/c8 ^^Q^^A\LUC/nanumgt/m/n/7/c7 <\LUC/nanumgt/m/n/7/b8 \
 []


Underfull \hbox (badness 10000) in paragraph at lines 249--251

 []

Missing character: There is no ; in font nullfont!
Missing character: There is no ; in font nullfont!
Missing character: There is no ; in font nullfont!

Underfull \hbox (badness 1783) in paragraph at lines 261--263
\LUC/nanumgt/m/n/7/d3 ^^L\LUC/nanumgt/m/n/7/b2 ” \LUC/nanumgt/m/n/7/c2 ^^X\LUC/nanumgt/m/n/7/c8 p \LUC/nanumgt/m/n/7/b0 ´\LUC/nanumgt/m/n/7/bd €\LUC/nanumgt/m/n/7/c5 Ð\LUC/nanumgt/m/n/7/c1 ^^\ \LUC/nanumgt/m/n/7/c8 ^^D\LUC/nanumgt/m/n/7/b2 ì\LUC/nanumgt/m/n/7/b4 ^^X\LUC/nanumgt/m/n/7/ba p \LUC/nanumgt/m/n/7/c2 ^^X\LUC/nanumgt/m/n/7/c8 p \LUC/nanumgt/m/n/7/b9 Ð\LUC/nanumgt/m/n/7/b2 è\LUC/nanumgt/m/n/7/c5 Ð\LUC/nanumgt/m/n/7/c1 ^^\ \LUC/nanumgt/m/n/7/bc ^^X\LUC/nanumgt/m/n/7/c0 ¬\LUC/nanumgt/m/n/7/d3 ^^L\LUC/nanumgt/m/n/7/ac ^^@ \LUC/nanumgt/m/n/7/c0 Ý\LUC/nanumgt/m/n/7/c1 1\LUC/nanumgt/m/n/7/b4 ^^\\LUC/nanumgt/m/n/7/b2 ä\T1/phv/m/n/7 .
 []


Underfull \hbox (badness 10000) in paragraph at lines 261--263

 []

<images/sopagi2.jpg, id=31, 1084.05pt x 1445.4pt>
File: images/sopagi2.jpg Graphic file (type jpg)
<use images/sopagi2.jpg>
Package pdftex.def Info: images/sopagi2.jpg  used on input line 267.
(pdftex.def)             Requested size: 62.37704pt x 62.59209pt.
<images/sopagi1.jpg, id=32, 1084.05pt x 1445.4pt>
File: images/sopagi1.jpg Graphic file (type jpg)
<use images/sopagi1.jpg>
Package pdftex.def Info: images/sopagi1.jpg  used on input line 268.
(pdftex.def)             Requested size: 62.37704pt x 62.59209pt.
<images/Wave_Gauge.jpg, id=33, 383.031pt x 523.9575pt>
File: images/Wave_Gauge.jpg Graphic file (type jpg)
<use images/Wave_Gauge.jpg>
Package pdftex.def Info: images/Wave_Gauge.jpg  used on input line 269.
(pdftex.def)             Requested size: 77.97247pt x 62.59236pt.
<images/Coastal_Model(Ramp).jpg, id=34, 1445.4pt x 1084.05pt>
File: images/Coastal_Model(Ramp).jpg Graphic file (type jpg)
<use images/Coastal_Model(Ramp).jpg>
Package pdftex.def Info: images/Coastal_Model(Ramp).jpg  used on input line 292.
(pdftex.def)             Requested size: 207.9342pt x 83.75124pt.
Missing character: There is no ; in font nullfont!
Missing character: There is no ; in font nullfont!
Missing character: There is no ; in font nullfont!
<images/Experiment_System_Crop.jpg, id=36, 843.15pt x 286.671pt>
File: images/Experiment_System_Crop.jpg Graphic file (type jpg)
<use images/Experiment_System_Crop.jpg>
Package pdftex.def Info: images/Experiment_System_Crop.jpg  used on input line 301.
(pdftex.def)             Requested size: 435.86841pt x 148.19492pt.
Missing character: There is no ; in font nullfont!
Missing character: There is no ; in font nullfont!
Missing character: There is no ; in font nullfont!

Underfull \hbox (badness 10000) in paragraph at lines 329--331

 []

<images/jopagi.jpg, id=37, 1090.0725pt x 799.98875pt>
File: images/jopagi.jpg Graphic file (type jpg)
<use images/jopagi.jpg>
Package pdftex.def Info: images/jopagi.jpg  used on input line 333.
(pdftex.def)             Requested size: 93.56975pt x 68.6634pt.
<images/wavemaker_control.png, id=38, 921.552pt x 531.513pt>
File: images/wavemaker_control.png Graphic file (type png)
<use images/wavemaker_control.png>
Package pdftex.def Info: images/wavemaker_control.png  used on input line 335.
(pdftex.def)             Requested size: 114.36444pt x 65.96045pt.

Overfull \hbox (2.11996pt too wide) in paragraph at lines 333--336
[][] [] 
 []

<images/Schematic_Wave_maker_2-1_2022-11-24.pdf, id=39, 1173.38374pt x 829.59938pt>
File: images/Schematic_Wave_maker_2-1_2022-11-24.pdf Graphic file (type pdf)
<use images/Schematic_Wave_maker_2-1_2022-11-24.pdf>
Package pdftex.def Info: images/Schematic_Wave_maker_2-1_2022-11-24.pdf  used on input line 351.
(pdftex.def)             Requested size: 108.12666pt x 76.44559pt.
<images/PCB_PCB_Wave_maker copy_2022-11-24.pdf, id=40, 335.69415pt x 261.97874pt>
File: images/PCB_PCB_Wave_maker copy_2022-11-24.pdf Graphic file (type pdf)
<use images/PCB_PCB_Wave_maker copy_2022-11-24.pdf>
Package pdftex.def Info: images/PCB_PCB_Wave_maker copy_2022-11-24.pdf  used on input line 352.
(pdftex.def)             Requested size: 99.80753pt x 77.89067pt.

Overfull \hbox (2.11996pt too wide) in paragraph at lines 351--353
[][] [] 
 []


Underfull \hbox (badness 1796) in paragraph at lines 348--355
\LUC/nanumgt/m/n/7/c8 p\LUC/nanumgt/m/n/7/d3 ^^L\LUC/nanumgt/m/n/7/ae 0\LUC/nanumgt/m/n/7/c7 X \LUC/nanumgt/m/n/7/d6 Œ\LUC/nanumgt/m/n/7/b8 \\LUC/nanumgt/m/n/7/b2 ” \T1/phv/m/n/7 Teensy 3.2\LUC/nanumgt/m/n/7/c6 @ \T1/phv/m/n/7 DRV8825, Mi-crostep Driver(ST-
 []


Underfull \hbox (badness 2951) in paragraph at lines 357--373
\LUC/nanumgt/m/n/7/ba ¨\LUC/nanumgt/m/n/7/d1 0\LUC/nanumgt/m/n/7/c7 X \LUC/nanumgt/m/n/7/be `\LUC/nanumgt/m/n/7/b9 x \LUC/nanumgt/m/n/7/ad l\LUC/nanumgt/m/n/7/b3 Ù\LUC/nanumgt/m/n/7/c7 D ^^D\LUC/nanumgt/m/n/7/d5 t\LUC/nanumgt/m/n/7/c1 ^^\ \T1/phv/m/n/7 Teen-syS-tep \LUC/nanumgt/m/n/7/b7 |\LUC/nanumgt/m/n/7/c7 t\LUC/nanumgt/m/n/7/be ^^L\LUC/nanumgt/m/n/7/b7 ì\LUC/nanumgt/m/n/7/b9 ¬| \LUC/nanumgt/m/n/7/c7 t\LUC/nanumgt/m/n/7/c6 ©\LUC/nanumgt/m/n/7/d5 X\LUC/nanumgt/m/n/7/ba p
 []


Underfull \hbox (badness 10000) in paragraph at lines 357--373

 []

<images/OLED1.png, id=41, 1097.09875pt x 1964.33875pt>
File: images/OLED1.png Graphic file (type png)
<use images/OLED1.png>
Package pdftex.def Info: images/OLED1.png  used on input line 377.
(pdftex.def)             Requested size: 49.89679pt x 34.13153pt.
<images/OLED2.png, id=43, 1675.25874pt x 2978.12625pt>
File: images/OLED2.png Graphic file (type png)
<use images/OLED2.png>
Package pdftex.def Info: images/OLED2.png  used on input line 379.
(pdftex.def)             Requested size: 49.90312pt x 34.1383pt.
<images/OLED3.png, id=45, 963.6pt x 1794.705pt>
File: images/OLED3.png Graphic file (type png)
<use images/OLED3.png>
Package pdftex.def Info: images/OLED3.png  used on input line 380.
(pdftex.def)             Requested size: 49.90031pt x 34.14043pt.
<images/OLED4.png, id=47, 963.6pt x 1746.525pt>
File: images/OLED4.png Graphic file (type png)
<use images/OLED4.png>
Package pdftex.def Info: images/OLED4.png  used on input line 381.
(pdftex.def)             Requested size: 49.89558pt x 34.13292pt.
Missing character: There is no ; in font nullfont!
Missing character: There is no ; in font nullfont!
Missing character: There is no ; in font nullfont!

LaTeX Warning: File `HSthm-HSmsr.dat' already exists on the system.
               Not generating it from this source.

PGFPlots: reading {HSthm-HSmsr.dat}
PGFPlots: reading {HSthm-HSmsr.dat}
Missing character: There is no ; in font nullfont!
<images/vlcsnap-2023-06-29-10h35m08s932-1.png, id=49, 1927.2pt x 1878.01625pt>
File: images/vlcsnap-2023-06-29-10h35m08s932-1.png Graphic file (type png)
<use images/vlcsnap-2023-06-29-10h35m08s932-1.png>
Package pdftex.def Info: images/vlcsnap-2023-06-29-10h35m08s932-1.png  used on input line 557.
(pdftex.def)             Requested size: 101.86469pt x 108.11978pt.
<images/vlcsnap-2023-06-29-10h53m08s226-1.png, id=51, 570.13pt x 981.6675pt>
File: images/vlcsnap-2023-06-29-10h53m08s226-1.png Graphic file (type png)
<use images/vlcsnap-2023-06-29-10h53m08s226-1.png>
Package pdftex.def Info: images/vlcsnap-2023-06-29-10h53m08s226-1.png  used on input line 562.
(pdftex.def)             Requested size: 101.88821pt x 108.11856pt.
Missing character: There is no ; in font nullfont!
Missing character: There is no ; in font nullfont!
Missing character: There is no ; in font nullfont!
(c:/Users/Kiehyun/Desktop/KBox/Github/junlam_2023/Jumlam_PosterP_3column.bbl
LaTeX Font Info:    Font shape `T1/phv/m/it' in size <5> not available
(Font)              Font shape `T1/phv/m/sl' tried instead on input line 26.
LaTeX Font Info:    Font shape `LUC/nanumgt/m/it' in size <5> not available
(Font)              Font shape `LUC/nanumgt/m/sl' tried instead on input line 26.
)
Missing character: There is no ; in font nullfont!
Missing character: There is no ; in font nullfont!
Missing character: There is no ; in font nullfont!

Overfull \hbox (2.11998pt too wide) in paragraph at lines 221--583
[][]  [] 
 []

[2

{c:/texlive/2021/texmf-var/fonts/map/pdftex/updmap/pdftex.map} <c:/Users/Kiehyun/Desktop/KBox/Github/junlam_2023/images/Coastal_Model(Ramp).jpg> <c:/Users/Kiehyun/Desktop/KBox/Github/junlam_2023/images/OLED1.png> <c:/Users/Kiehyun/Desktop/KBox/Github/junlam_2023/images/OLED2.png> <c:/Users/Kiehyun/Desktop/KBox/Github/junlam_2023/images/OLED3.png> <c:/Users/Kiehyun/Desktop/KBox/Github/junlam_2023/images/OLED4.png> <c:/Users/Kiehyun/Desktop/KBox/Github/junlam_2023/images/vlcsnap-2023-06-29-10h35m08s932-1.png> <c:/Users/Kiehyun/Desktop/KBox/Github/junlam_2023/images/vlcsnap-2023-06-29-10h53m08s226-1.png> <c:/Users/Kiehyun/Desktop/KBox/Github/junlam_2023/images/gshslogo1.png> <c:/Users/Kiehyun/Desktop/KBox/Github/junlam_2023/images/sopagi2.jpg> <c:/Users/Kiehyun/Desktop/KBox/Github/junlam_2023/images/sopagi1.jpg> <c:/Users/Kiehyun/Desktop/KBox/Github/junlam_2023/images/Wave_Gauge.jpg> <c:/Users/Kiehyun/Desktop/KBox/Github/junlam_2023/images/Experiment_System_Crop.jpg> <c:/Users/Kiehyun/Desktop/KBox/Github/junlam_2023/images/jopagi.jpg> <c:/Users/Kiehyun/Desktop/KBox/Github/junlam_2023/images/wavemaker_control.png> <c:/Users/Kiehyun/Desktop/KBox/Github/junlam_2023/images/Schematic_Wave_maker_2-1_2022-11-24.pdf> <c:/Users/Kiehyun/Desktop/KBox/Github/junlam_2023/images/PCB_PCB_Wave_maker copy_2022-11-24.pdf>] (c:/Users/Kiehyun/Desktop/KBox/Github/junlam_2023/Jumlam_PosterP_3column.aux)

LaTeX Font Warning: Some font shapes were not available, defaults substituted.


LaTeX Warning: There were multiply-defined labels.

 ) 
Here is how much of TeX's memory you used:
 31551 strings out of 478994
 759093 string characters out of 5862207
 1274900 words of memory out of 5000000
 48424 multiletter control sequences out of 15000+600000
 484839 words of font info for 207 fonts, out of 8000000 for 9000
 1141 hyphenation exceptions out of 8191
 128i,24n,130p,1130b,2994s stack positions out of 5000i,500n,10000p,200000b,80000s
{c:/texlive/2021/texmf-dist/fonts/enc/dvips/base/8r.enc}<c:/texlive/2021/texmf-dist/fonts/type1/public/amsfonts/cm/cmmi10.pfb><c:/texlive/2021/texmf-dist/fonts/type1/public/amsfonts/cm/cmmi5.pfb><c:/texlive/2021/texmf-dist/fonts/type1/public/amsfonts/cm/cmmi7.pfb><c:/texlive/2021/texmf-dist/fonts/type1/public/amsfonts/cm/cmsy10.pfb><c:/texlive/2021/texmf-dist/fonts/type1/public/amsfonts/cm/cmsy5.pfb><c:/texlive/2021/texmf-dist/fonts/type1/public/amsfonts/cm/cmsy7.pfb><c:/texlive/2021/texmf-dist/fonts/type1/public/amsfonts/symbols/msam7.pfb><c:/texlive/2021/texmf-dist/fonts/type1/public/nanumtype1/nanumgtmac.pfb><c:/texlive/2021/texmf-dist/fonts/type1/public/nanumtype1/nanumgtmac.pfb><c:/texlive/2021/texmf-dist/fonts/type1/public/nanumtype1/nanumgtmad.pfb><c:/texlive/2021/texmf-dist/fonts/type1/public/nanumtype1/nanumgtmae.pfb><c:/texlive/2021/texmf-dist/fonts/type1/public/nanumtype1/nanumgtmae.pfb><c:/texlive/2021/texmf-dist/fonts/type1/public/nanumtype1/nanumgtmb0.pfb><c:/texlive/2021/texmf-dist/fonts/type1/public/nanumtype1/nanumgtmb1.pfb><c:/texlive/2021/texmf-dist/fonts/type1/public/nanumtype1/nanumgtmb1.pfb><c:/texlive/2021/texmf-dist/fonts/type1/public/nanumtype1/nanumgtmb2.pfb><c:/texlive/2021/texmf-dist/fonts/type1/public/nanumtype1/nanumgtmb3.pfb><c:/texlive/2021/texmf-dist/fonts/type1/public/nanumtype1/nanumgtmb3.pfb><c:/texlive/2021/texmf-dist/fonts/type1/public/nanumtype1/nanumgtmb4.pfb><c:/texlive/2021/texmf-dist/fonts/type1/public/nanumtype1/nanumgtmb5.pfb><c:/texlive/2021/texmf-dist/fonts/type1/public/nanumtype1/nanumgtmb6.pfb><c:/texlive/2021/texmf-dist/fonts/type1/public/nanumtype1/nanumgtmb7.pfb><c:/texlive/2021/texmf-dist/fonts/type1/public/nanumtype1/nanumgtmb8.pfb><c:/texlive/2021/texmf-dist/fonts/type1/public/nanumtype1/nanumgtmb9.pfb><c:/texlive/2021/texmf-dist/fonts/type1/public/nanumtype1/nanumgtmba.pfb><c:/texlive/2021/texmf-dist/fonts/type1/public/nanumtype1/nanumgtmbb.pfb><c:/texlive/2021/texmf-dist/fonts/type1/public/nanumtype1/nanumgtmbb.pfb><c:/texlive/2021/texmf-dist/fonts/type1/public/nanumtype1/nanumgtmbc.pfb><c:/texlive/2021/texmf-dist/fonts/type1/public/nanumtype1/nanumgtmbd.pfb><c:/texlive/2021/texmf-dist/fonts/type1/public/nanumtype1/nanumgtmbe.pfb><c:/texlive/2021/texmf-dist/fonts/type1/public/nanumtype1/nanumgtmc0.pfb><c:/texlive/2021/texmf-dist/fonts/type1/public/nanumtype1/nanumgtmc1.pfb><c:/texlive/2021/texmf-dist/fonts/type1/public/nanumtype1/nanumgtmc1.pfb><c:/texlive/2021/texmf-dist/fonts/type1/public/nanumtype1/nanumgtmc2.pfb><c:/texlive/2021/texmf-dist/fonts/type1/public/nanumtype1/nanumgtmc2.pfb><c:/texlive/2021/texmf-dist/fonts/type1/public/nanumtype1/nanumgtmc3.pfb><c:/texlive/2021/texmf-dist/fonts/type1/public/nanumtype1/nanumgtmc4.pfb><c:/texlive/2021/texmf-dist/fonts/type1/public/nanumtype1/nanumgtmc5.pfb><c:/texlive/2021/texmf-dist/fonts/type1/public/nanumtype1/nanumgtmc6.pfb><c:/texlive/2021/texmf-dist/fonts/type1/public/nanumtype1/nanumgtmc7.pfb><c:/texlive/2021/texmf-dist/fonts/type1/public/nanumtype1/nanumgtmc8.pfb><c:/texlive/2021/texmf-dist/fonts/type1/public/nanumtype1/nanumgtmc8.pfb><c:/texlive/2021/texmf-dist/fonts/type1/public/nanumtype1/nanumgtmc9.pfb><c:/texlive/2021/texmf-dist/fonts/type1/public/nanumtype1/nanumgtmc9.pfb><c:/texlive/2021/texmf-dist/fonts/type1/public/nanumtype1/nanumgtmcc.pfb><c:/texlive/2021/texmf-dist/fonts/type1/public/nanumtype1/nanumgtmcd.pfb><c:/texlive/2021/texmf-dist/fonts/type1/public/nanumtype1/nanumgtmcd.pfb><c:/texlive/2021/texmf-dist/fonts/type1/public/nanumtype1/nanumgtmce.pfb><c:/texlive/2021/texmf-dist/fonts/type1/public/nanumtype1/nanumgtmcf.pfb><c:/texlive/2021/texmf-dist/fonts/type1/public/nanumtype1/nanumgtmd0.pfb><c:/texlive/2021/texmf-dist/fonts/type1/public/nanumtype1/nanumgtmd1.pfb><c:/texlive/2021/texmf-dist/fonts/type1/public/nanumtype1/nanumgtmd2.pfb><c:/texlive/2021/texmf-dist/fonts/type1/public/nanumtype1/nanumgtmd3.pfb><c:/texlive/2021/texmf-dist/fonts/type1/public/nanumtype1/nanumgtmd4.pfb><c:/texlive/2021/texmf-dist/fonts/type1/public/nanumtype1/nanumgtmd5.pfb><c:/texlive/2021/texmf-dist/fonts/type1/public/nanumtype1/nanumgtmd5.pfb><c:/texlive/2021/texmf-dist/fonts/type1/public/nanumtype1/nanumgtmd6.pfb><c:/texlive/2021/texmf-dist/fonts/type1/public/nanumtype1/nanumgtmd6.pfb><c:/texlive/2021/texmf-dist/fonts/type1/urw/helvetic/uhvb8a.pfb><c:/texlive/2021/texmf-dist/fonts/type1/urw/helvetic/uhvr8a.pfb><c:/texlive/2021/texmf-dist/fonts/type1/urw/helvetic/uhvro8a.pfb>
Output written on c:/Users/Kiehyun/Desktop/KBox/Github/junlam_2023/Jumlam_PosterP_3column.pdf (1 page, 21624351 bytes).
PDF statistics:
 325 PDF objects out of 1000 (max. 8388607)
 217 compressed objects within 3 object streams
 0 named destinations out of 1000 (max. 500000)
 231 words of extra memory for PDF output out of 10000 (max. 10000000)

