This is pdfTeX, Version 3.141592653-2.6-1.40.22 (TeX Live 2021/W32TeX) (preloaded format=pdflatex 2022.6.11)  27 JUL 2023 16:05
entering extended mode
 restricted \write18 enabled.
 file:line:error style messages enabled.
 %&-line parsing enabled.
**c:/Users/Kiehyun/Desktop/KBox/Github/junlam_2023/subP/preamble.tex
(c:/Users/Kiehyun/Desktop/KBox/Github/junlam_2023/subP/preamble.tex
LaTeX2e <2020-10-01> patch level 4
L3 programming layer <2021-02-18>

! LaTeX Error: File `junlam_report.cls' not found.

Type X to quit or <RETURN> to proceed,
or enter new name. (Default extension: cls)

Enter file name: 
c:/Users/Kiehyun/Desktop/KBox/Github/junlam_2023/subP/preamble.tex:4: Emergency stop.
<read *> 
         
l.4 \graphicspath
                 {{images/}}^^M
*** (cannot \read from terminal in nonstop modes)

 
Here is how much of TeX's memory you used:
 23 strings out of 478994
 695 string characters out of 5862207
 283038 words of memory out of 5000000
 17606 multiletter control sequences out of 15000+600000
 403430 words of font info for 27 fonts, out of 8000000 for 9000
 1141 hyphenation exceptions out of 8191
 32i,0n,39p,262b,13s stack positions out of 5000i,500n,10000p,200000b,80000s
c:/Users/Kiehyun/Desktop/KBox/Github/junlam_2023/subP/preamble.tex:4:  ==> Fatal error occurred, no output PDF file produced!
